d:\dae_programming\semester 3\2021-2022\gameplayprog\examen\gpp_exam\zombiegame\project\_temp\release\gpp_plugin.pch
d:\dae_programming\semester 3\2021-2022\gameplayprog\examen\gpp_exam\zombiegame\project\_temp\release\stdafx.obj
d:\dae_programming\semester 3\2021-2022\gameplayprog\examen\gpp_exam\zombiegame\project\_temp\release\steeringbehaviors.obj
d:\dae_programming\semester 3\2021-2022\gameplayprog\examen\gpp_exam\zombiegame\project\_temp\release\plugin.obj
d:\dae_programming\semester 3\2021-2022\gameplayprog\examen\gpp_exam\zombiegame\project\_temp\release\playeragent.obj
d:\dae_programming\semester 3\2021-2022\gameplayprog\examen\gpp_exam\zombiegame\project\_temp\release\ebehaviortree.obj
d:\dae_programming\semester 3\2021-2022\gameplayprog\examen\gpp_exam\zombiegame\project\_temp\release\behaviors.obj
d:\dae_programming\semester 3\2021-2022\gameplayprog\examen\gpp_exam\zombiegame\project\_temp\release\gpp_plugin.lib
d:\dae_programming\semester 3\2021-2022\gameplayprog\examen\gpp_exam\zombiegame\project\_temp\release\gpp_plugin.exp
d:\dae_programming\semester 3\2021-2022\gameplayprog\examen\gpp_exam\zombiegame\_demo_release\gpp_plugin.dll
d:\dae_programming\semester 3\2021-2022\gameplayprog\examen\gpp_exam\zombiegame\project\_temp\release\gpp_plugin.pdb
d:\dae_programming\semester 3\2021-2022\gameplayprog\examen\gpp_exam\zombiegame\project\_temp\release\gpp_exam.res
d:\dae_programming\semester 3\2021-2022\gameplayprog\examen\gpp_exam\zombiegame\project\_temp\release\gpp_exam.tlog\cl.command.1.tlog
d:\dae_programming\semester 3\2021-2022\gameplayprog\examen\gpp_exam\zombiegame\project\_temp\release\gpp_exam.tlog\cl.read.1.tlog
d:\dae_programming\semester 3\2021-2022\gameplayprog\examen\gpp_exam\zombiegame\project\_temp\release\gpp_exam.tlog\cl.write.1.tlog
d:\dae_programming\semester 3\2021-2022\gameplayprog\examen\gpp_exam\zombiegame\project\_temp\release\gpp_exam.tlog\gpp_exam.write.1u.tlog
d:\dae_programming\semester 3\2021-2022\gameplayprog\examen\gpp_exam\zombiegame\project\_temp\release\gpp_exam.tlog\link.command.1.tlog
d:\dae_programming\semester 3\2021-2022\gameplayprog\examen\gpp_exam\zombiegame\project\_temp\release\gpp_exam.tlog\link.read.1.tlog
d:\dae_programming\semester 3\2021-2022\gameplayprog\examen\gpp_exam\zombiegame\project\_temp\release\gpp_exam.tlog\link.write.1.tlog
d:\dae_programming\semester 3\2021-2022\gameplayprog\examen\gpp_exam\zombiegame\project\_temp\release\gpp_exam.tlog\rc.command.1.tlog
d:\dae_programming\semester 3\2021-2022\gameplayprog\examen\gpp_exam\zombiegame\project\_temp\release\gpp_exam.tlog\rc.read.1.tlog
d:\dae_programming\semester 3\2021-2022\gameplayprog\examen\gpp_exam\zombiegame\project\_temp\release\gpp_exam.tlog\rc.write.1.tlog
