d:\dae_programming\semester 3\2021-2022\gameplayprog\examen\gpp_exam\zombiegame\project\_temp\debug\gpp_plugin_d.pch
d:\dae_programming\semester 3\2021-2022\gameplayprog\examen\gpp_exam\zombiegame\project\_temp\debug\vc142.pdb
d:\dae_programming\semester 3\2021-2022\gameplayprog\examen\gpp_exam\zombiegame\project\_temp\debug\vc142.idb
d:\dae_programming\semester 3\2021-2022\gameplayprog\examen\gpp_exam\zombiegame\project\_temp\debug\stdafx.obj
d:\dae_programming\semester 3\2021-2022\gameplayprog\examen\gpp_exam\zombiegame\project\_temp\debug\steeringbehaviors.obj
d:\dae_programming\semester 3\2021-2022\gameplayprog\examen\gpp_exam\zombiegame\project\_temp\debug\plugin.obj
d:\dae_programming\semester 3\2021-2022\gameplayprog\examen\gpp_exam\zombiegame\project\_temp\debug\playeragent.obj
d:\dae_programming\semester 3\2021-2022\gameplayprog\examen\gpp_exam\zombiegame\project\_temp\debug\ebehaviortree.obj
d:\dae_programming\semester 3\2021-2022\gameplayprog\examen\gpp_exam\zombiegame\project\_temp\debug\behaviors.obj
d:\dae_programming\semester 3\2021-2022\gameplayprog\examen\gpp_exam\zombiegame\_demo_debug\gpp_plugin_d.lib
d:\dae_programming\semester 3\2021-2022\gameplayprog\examen\gpp_exam\zombiegame\_demo_debug\gpp_plugin_d.exp
d:\dae_programming\semester 3\2021-2022\gameplayprog\examen\gpp_exam\zombiegame\_demo_debug\gpp_plugin_d.dll
d:\dae_programming\semester 3\2021-2022\gameplayprog\examen\gpp_exam\zombiegame\_demo_debug\gpp_plugin_d.ilk
d:\dae_programming\semester 3\2021-2022\gameplayprog\examen\gpp_exam\zombiegame\_demo_debug\gpp_plugin_d.pdb
d:\dae_programming\semester 3\2021-2022\gameplayprog\examen\gpp_exam\zombiegame\project\_temp\debug\gpp_exam.res
d:\dae_programming\semester 3\2021-2022\gameplayprog\examen\gpp_exam\zombiegame\project\..\_demo_debug\gpp_plugin_d.pdb
d:\dae_programming\semester 3\2021-2022\gameplayprog\examen\gpp_exam\zombiegame\project\..\_demo_debug\gpp_plugin_d.ilk
d:\dae_programming\semester 3\2021-2022\gameplayprog\examen\gpp_exam\zombiegame\project\_temp\debug\gpp_exam.tlog\cl.command.1.tlog
d:\dae_programming\semester 3\2021-2022\gameplayprog\examen\gpp_exam\zombiegame\project\_temp\debug\gpp_exam.tlog\cl.read.1.tlog
d:\dae_programming\semester 3\2021-2022\gameplayprog\examen\gpp_exam\zombiegame\project\_temp\debug\gpp_exam.tlog\cl.write.1.tlog
d:\dae_programming\semester 3\2021-2022\gameplayprog\examen\gpp_exam\zombiegame\project\_temp\debug\gpp_exam.tlog\gpp_exam.write.1u.tlog
d:\dae_programming\semester 3\2021-2022\gameplayprog\examen\gpp_exam\zombiegame\project\_temp\debug\gpp_exam.tlog\link.command.1.tlog
d:\dae_programming\semester 3\2021-2022\gameplayprog\examen\gpp_exam\zombiegame\project\_temp\debug\gpp_exam.tlog\link.read.1.tlog
d:\dae_programming\semester 3\2021-2022\gameplayprog\examen\gpp_exam\zombiegame\project\_temp\debug\gpp_exam.tlog\link.write.1.tlog
d:\dae_programming\semester 3\2021-2022\gameplayprog\examen\gpp_exam\zombiegame\project\_temp\debug\gpp_exam.tlog\rc.command.1.tlog
d:\dae_programming\semester 3\2021-2022\gameplayprog\examen\gpp_exam\zombiegame\project\_temp\debug\gpp_exam.tlog\rc.read.1.tlog
d:\dae_programming\semester 3\2021-2022\gameplayprog\examen\gpp_exam\zombiegame\project\_temp\debug\gpp_exam.tlog\rc.write.1.tlog
